<?xml version="1.0" encoding="UTF-8"?>
<testng-results skipped="0" failed="0" total="1" passed="1">
  <reporter-output>
  </reporter-output>
  <suite name="Suite" duration-ms="11995" started-at="2017-02-07T09:39:59Z" finished-at="2017-02-07T09:40:11Z">
    <groups>
    </groups>
    <test name="Test" duration-ms="11995" started-at="2017-02-07T09:39:59Z" finished-at="2017-02-07T09:40:11Z">
      <class name="NewTest">
        <test-method status="PASS" signature="beforeTest()[pri:0, instance:NewTest@1e67b872]" name="beforeTest" is-config="true" duration-ms="3223" started-at="2017-02-07T10:39:59Z" finished-at="2017-02-07T10:40:02Z">
          <reporter-output>
          </reporter-output>
        </test-method> <!-- beforeTest -->
        <test-method status="PASS" signature="testEasy()[pri:0, instance:NewTest@1e67b872]" name="testEasy" duration-ms="7311" started-at="2017-02-07T10:40:02Z" finished-at="2017-02-07T10:40:10Z">
          <reporter-output>
          </reporter-output>
        </test-method> <!-- testEasy -->
        <test-method status="PASS" signature="afterTest()[pri:0, instance:NewTest@1e67b872]" name="afterTest" is-config="true" duration-ms="1451" started-at="2017-02-07T10:40:10Z" finished-at="2017-02-07T10:40:11Z">
          <reporter-output>
          </reporter-output>
        </test-method> <!-- afterTest -->
      </class> <!-- NewTest -->
    </test> <!-- Test -->
  </suite> <!-- Suite -->
</testng-results>
