<?xml version="1.0" encoding="UTF-8"?>
<testng-results skipped="0" failed="0" total="1" passed="1">
  <reporter-output>
  </reporter-output>
  <suite name="Suite" duration-ms="5652" started-at="2017-02-07T15:20:05Z" finished-at="2017-02-07T15:20:11Z">
    <groups>
    </groups>
    <test name="Test" duration-ms="5652" started-at="2017-02-07T15:20:05Z" finished-at="2017-02-07T15:20:11Z">
      <class name="NewTest">
        <test-method status="PASS" signature="beforeTest()[pri:0, instance:NewTest@1e67b872]" name="beforeTest" is-config="true" duration-ms="3134" started-at="2017-02-07T16:20:05Z" finished-at="2017-02-07T16:20:08Z">
          <reporter-output>
          </reporter-output>
        </test-method> <!-- beforeTest -->
        <test-method status="PASS" signature="testEasy()[pri:0, instance:NewTest@1e67b872]" name="testEasy" duration-ms="1155" started-at="2017-02-07T16:20:08Z" finished-at="2017-02-07T16:20:09Z">
          <reporter-output>
          </reporter-output>
        </test-method> <!-- testEasy -->
        <test-method status="PASS" signature="afterTest()[pri:0, instance:NewTest@1e67b872]" name="afterTest" is-config="true" duration-ms="1356" started-at="2017-02-07T16:20:09Z" finished-at="2017-02-07T16:20:11Z">
          <reporter-output>
          </reporter-output>
        </test-method> <!-- afterTest -->
      </class> <!-- NewTest -->
    </test> <!-- Test -->
  </suite> <!-- Suite -->
</testng-results>
