<?xml version="1.0" encoding="UTF-8"?>
<testng-results skipped="0" failed="0" ignored="0" total="1" passed="1">
  <reporter-output>
  </reporter-output>
  <suite name="Suite" duration-ms="5498" started-at="2017-02-07T15:22:24Z" finished-at="2017-02-07T15:22:29Z">
    <groups>
    </groups>
    <test name="Test" duration-ms="5498" started-at="2017-02-07T15:22:24Z" finished-at="2017-02-07T15:22:29Z">
      <class name="NewTest">
        <test-method status="PASS" signature="beforeTest()[pri:0, instance:NewTest@66048bfd]" name="beforeTest" is-config="true" duration-ms="3155" started-at="2017-02-07T16:22:24Z" finished-at="2017-02-07T16:22:27Z">
          <reporter-output>
          </reporter-output>
        </test-method> <!-- beforeTest -->
        <test-method status="PASS" signature="testEasy()[pri:0, instance:NewTest@66048bfd]" name="testEasy" duration-ms="1165" started-at="2017-02-07T16:22:27Z" finished-at="2017-02-07T16:22:28Z">
          <reporter-output>
          </reporter-output>
        </test-method> <!-- testEasy -->
        <test-method status="PASS" signature="afterTest()[pri:0, instance:NewTest@66048bfd]" name="afterTest" is-config="true" duration-ms="1164" started-at="2017-02-07T16:22:28Z" finished-at="2017-02-07T16:22:29Z">
          <reporter-output>
          </reporter-output>
        </test-method> <!-- afterTest -->
      </class> <!-- NewTest -->
    </test> <!-- Test -->
  </suite> <!-- Suite -->
</testng-results>
